[debug] [2024-10-01T03:27:01.456Z] ----------------------------------------------------------------------
[debug] [2024-10-01T03:27:01.469Z] Command:       /usr/local/share/nvm/versions/node/v20.17.0/bin/node /home/codespace/nvm/current/bin/firebase init hosting
[debug] [2024-10-01T03:27:01.469Z] CLI Version:   13.20.2
[debug] [2024-10-01T03:27:01.469Z] Platform:      linux
[debug] [2024-10-01T03:27:01.469Z] Node Version:  v20.17.0
[debug] [2024-10-01T03:27:01.469Z] Time:          Tue Oct 01 2024 03:27:01 GMT+0000 (Coordinated Universal Time)
[debug] [2024-10-01T03:27:01.469Z] Env Overrides: GITHUB_API_URL
[debug] [2024-10-01T03:27:01.470Z] ----------------------------------------------------------------------
[debug] 
[debug] [2024-10-01T03:27:01.474Z] > command requires scopes: ["email","openid","https://www.googleapis.com/auth/cloudplatformprojects.readonly","https://www.googleapis.com/auth/firebase","https://www.googleapis.com/auth/cloud-platform"]
[debug] [2024-10-01T03:27:01.474Z] > authorizing via signed-in user (babypepeofficially@gmail.com)
[info] 
     ######## #### ########  ######## ########     ###     ######  ########
     ##        ##  ##     ## ##       ##     ##  ##   ##  ##       ##
     ######    ##  ########  ######   ########  #########  ######  ######
     ##        ##  ##    ##  ##       ##     ## ##     ##       ## ##
     ##       #### ##     ## ######## ########  ##     ##  ######  ########

You're about to initialize a Firebase project in this directory:

  /workspaces/model-platform

Before we get started, keep in mind:

  * You are currently outside your home directory

[info] 
=== Project Setup
[info] 
[info] First, let's associate this project directory with a Firebase project.
[info] You can create multiple project aliases by running firebase use --add, 
[info] but for now we'll just set up a default project.
[info] 
[debug] [2024-10-01T03:27:05.205Z] Checked if tokens are valid: false, expires at: 1727752814557
[debug] [2024-10-01T03:27:05.206Z] Checked if tokens are valid: false, expires at: 1727752814557
[debug] [2024-10-01T03:27:05.206Z] > refreshing access token with scopes: []
[debug] [2024-10-01T03:27:05.207Z] >>> [apiv2][query] POST https://www.googleapis.com/oauth2/v3/token [none]
[debug] [2024-10-01T03:27:05.208Z] >>> [apiv2][body] POST https://www.googleapis.com/oauth2/v3/token [omitted]
[debug] [2024-10-01T03:27:05.299Z] <<< [apiv2][status] POST https://www.googleapis.com/oauth2/v3/token 200
[debug] [2024-10-01T03:27:05.299Z] <<< [apiv2][body] POST https://www.googleapis.com/oauth2/v3/token [omitted]
[debug] [2024-10-01T03:27:05.324Z] >>> [apiv2][query] GET https://firebase.googleapis.com/v1beta1/projects pageSize=100
[debug] [2024-10-01T03:27:05.710Z] <<< [apiv2][status] GET https://firebase.googleapis.com/v1beta1/projects 200
[debug] [2024-10-01T03:27:05.710Z] <<< [apiv2][body] GET https://firebase.googleapis.com/v1beta1/projects [omitted]
[info] i  Using project model-platform-1ed01 (model-platform) 
[info] 
=== Hosting Setup
[debug] [2024-10-01T03:27:09.478Z] Checked if tokens are valid: true, expires at: 1727756824299
[debug] [2024-10-01T03:27:09.478Z] Checked if tokens are valid: true, expires at: 1727756824299
[debug] [2024-10-01T03:27:09.478Z] >>> [apiv2][query] GET https://firebase.googleapis.com/v1beta1/projects/model-platform-1ed01 [none]
[debug] [2024-10-01T03:27:09.711Z] <<< [apiv2][status] GET https://firebase.googleapis.com/v1beta1/projects/model-platform-1ed01 200
[debug] [2024-10-01T03:27:09.711Z] <<< [apiv2][body] GET https://firebase.googleapis.com/v1beta1/projects/model-platform-1ed01 {"projectId":"model-platform-1ed01","projectNumber":"927770182449","displayName":"model-platform","name":"projects/model-platform-1ed01","resources":{"hostingSite":"model-platform-1ed01","realtimeDatabaseInstance":"model-platform-1ed01-default-rtdb","storageBucket":"model-platform-1ed01.appspot.com","locationId":"asia-east1"},"state":"ACTIVE","etag":"1_690e7e85-0511-45c2-8335-1773d2526f25"}
[info] 
[info] Your public directory is the folder (relative to your project directory) that
[info] will contain Hosting assets to be uploaded with firebase deploy. If you
[info] have a build process for your assets, use your build's output directory.
[info] 
[debug] [2024-10-01T03:27:18.872Z] >>> [apiv2][query] GET https://www.gstatic.com/firebasejs/releases.json [none]
[debug] [2024-10-01T03:27:18.905Z] <<< [apiv2][status] GET https://www.gstatic.com/firebasejs/releases.json 200
[debug] [2024-10-01T03:27:18.905Z] <<< [apiv2][body] GET https://www.gstatic.com/firebasejs/releases.json {"current":{"version":"10.14.0","browserURL":"https://www.gstatic.com/firebasejs/10.14.0/firebase.js","packageURL":"https://www.gstatic.com/firebasejs/10.14.0/firebase.tgz"},"live":{"version":"10.14","browserURL":"https://www.gstatic.com/firebasejs/live/10.14/firebase.js","packageURL":"https://www.gstatic.com/firebasejs/live/10.14/firebase.tgz"},"components":{"analytics":"https://www.gstatic.com/firebasejs/10.14.0/firebase-analytics.js","app":"https://www.gstatic.com/firebasejs/10.14.0/firebase-app.js","app-check":"https://www.gstatic.com/firebasejs/10.14.0/firebase-app-check.js","auth":"https://www.gstatic.com/firebasejs/10.14.0/firebase-auth.js","auth/cordova":"https://www.gstatic.com/firebasejs/10.14.0/firebase-auth/cordova.js","auth/web-extension":"https://www.gstatic.com/firebasejs/10.14.0/firebase-auth/web-extension.js","functions":"https://www.gstatic.com/firebasejs/10.14.0/firebase-functions.js","firestore":"https://www.gstatic.com/firebasejs/10.14.0/firebase-firestore.js","firestore/lite":"https://www.gstatic.com/firebasejs/10.14.0/firebase-firestore/lite.js","installations":"https://www.gstatic.com/firebasejs/10.14.0/firebase-installations.js","storage":"https://www.gstatic.com/firebasejs/10.14.0/firebase-storage.js","performance":"https://www.gstatic.com/firebasejs/10.14.0/firebase-performance.js","remote-config":"https://www.gstatic.com/firebasejs/10.14.0/firebase-remote-config.js","messaging":"https://www.gstatic.com/firebasejs/10.14.0/firebase-messaging.js","messaging/sw":"https://www.gstatic.com/firebasejs/10.14.0/firebase-messaging/sw.js","database":"https://www.gstatic.com/firebasejs/10.14.0/firebase-database.js","data-connect":"https://www.gstatic.com/firebasejs/10.14.0/firebase-data-connect.js","vertexai-preview":"https://www.gstatic.com/firebasejs/10.14.0/firebase-vertexai-preview.js","firestore.memory":"https://www.gstatic.com/firebasejs/10.14.0/firebase-firestore.memory.js"}}
[info] ✔  Wrote public/index.html 
[info] 
[info] i  Detected a .git folder at /workspaces/model-platform 
[info] i  Authorizing with GitHub to upload your service account to a GitHub repository's secrets store. 
[info] 
[info] Visit this URL on this device to log in:
[info] https://github.com/login/oauth/authorize?client_id=89cf50f02ac6aaed3484&state=529882562&redirect_uri=http%3A%2F%2Flocalhost%3A9005&scope=read%3Auser%20repo%20public_repo
[info] 
[info] Waiting for authentication...
